#-----------------------------------------------------------
# Vivado v2022.1 (64-bit)
# SW Build 3526262 on Mon Apr 18 15:47:01 MDT 2022
# IP Build 3524634 on Mon Apr 18 20:55:01 MDT 2022
# Start of session at: Thu Sep 29 00:33:10 2022
# Process ID: 9811
# Current directory: /home/lilo/Documents/olin-cafe-f22/labs/01_game_of_life
# Command line: vivado -mode batch -source build.tcl
# Log file: /home/lilo/Documents/olin-cafe-f22/labs/01_game_of_life/vivado.log
# Journal file: /home/lilo/Documents/olin-cafe-f22/labs/01_game_of_life/vivado.jou
# Running On: lilo-Latitude-5401, OS: Linux, CPU Frequency: 2600.205 MHz, CPU Physical cores: 6, Host memory: 16561 MB
#-----------------------------------------------------------
source build.tcl
# read_verilog [ glob ./hdl/*.sv ]
read_verilog: Time (s): cpu = 00:00:09 ; elapsed = 00:00:07 . Memory (MB): peak = 2594.562 ; gain = 3.992 ; free physical = 4352 ; free virtual = 11526
# read_xdc ./main.xdc
# synth_design -top main -part xc7a15tcpg236-1
Command: synth_design -top main -part xc7a15tcpg236-1
Starting synth_design
Attempting to get a license for feature 'Synthesis' and/or device 'xc7a15t'
INFO: [Common 17-349] Got license for feature 'Synthesis' and/or device 'xc7a15t'
INFO: [Device 21-403] Loading part xc7a15tcpg236-1
INFO: [Synth 8-7079] Multithreading enabled for synth_design using a maximum of 4 processes.
INFO: [Synth 8-7078] Launching helper process for spawning children vivado processes
INFO: [Synth 8-7075] Helper process launched with PID 9819
ERROR: [Synth 8-36] 'in_bar' is not declared [/home/lilo/Documents/olin-cafe-f22/labs/01_game_of_life/hdl/decoder_1_to_2.sv:10]
ERROR: [Synth 8-36] 'in_bar' is not declared [/home/lilo/Documents/olin-cafe-f22/labs/01_game_of_life/hdl/decoder_1_to_2.sv:11]
INFO: [Synth 8-8750] module 'decoder_1_to_2' ignored due to previous errors [/home/lilo/Documents/olin-cafe-f22/labs/01_game_of_life/hdl/decoder_1_to_2.sv:19]
Failed to read verilog '/home/lilo/Documents/olin-cafe-f22/labs/01_game_of_life/hdl/decoder_1_to_2.sv'
INFO: [Common 17-83] Releasing license: Synthesis
7 Infos, 0 Warnings, 0 Critical Warnings and 3 Errors encountered.
synth_design failed
ERROR: [Common 17-69] Command failed: Synthesis failed - please see the console or run log file for details
INFO: [Common 17-206] Exiting Vivado at Thu Sep 29 00:33:33 2022...
