#-----------------------------------------------------------
# Vivado v2022.1 (64-bit)
# SW Build 3526262 on Mon Apr 18 15:47:01 MDT 2022
# IP Build 3524634 on Mon Apr 18 20:55:01 MDT 2022
# Start of session at: Thu Sep 29 00:32:45 2022
# Process ID: 9758
# Current directory: /home/lilo/Documents/olin-cafe-f22/labs/01_game_of_life
# Command line: vivado -mode batch -source build.tcl
# Log file: /home/lilo/Documents/olin-cafe-f22/labs/01_game_of_life/vivado.log
# Journal file: /home/lilo/Documents/olin-cafe-f22/labs/01_game_of_life/vivado.jou
# Running On: lilo-Latitude-5401, OS: Linux, CPU Frequency: 2600.028 MHz, CPU Physical cores: 6, Host memory: 16561 MB
#-----------------------------------------------------------
source build.tcl
# read_verilog [ glob ./hdl/*.sv ]
INFO: [Common 17-41] Interrupt caught. Command should exit soon.
INFO: [Common 17-41] Interrupt caught. Command should exit soon.
INFO: [Common 17-41] Interrupt caught. Command should exit soon.
read_verilog: Time (s): cpu = 00:00:09 ; elapsed = 00:00:07 . Memory (MB): peak = 2602.562 ; gain = 11.996 ; free physical = 4323 ; free virtual = 11497
INFO: [Common 17-344] 'read_verilog' was cancelled
INFO: [Common 17-344] 'source' was cancelled
INFO: [Common 17-206] Exiting Vivado at Thu Sep 29 00:32:57 2022...
